2024-11-05 20:33:52,375 [INFO] Connecting to vehicle on: udp:0.0.0.0:14551
2024-11-05 20:33:52,508 [INFO] ArduPlane V4.6.0-dev (7d907e97)
2024-11-05 20:33:52,508 [INFO] dbfef1aa0b064bcf9d30ec3ad0886edb
2024-11-05 20:33:53,314 [INFO] Connected to vehicle. Setting up data streams...
2024-11-05 20:33:53,315 [INFO] Requested RAW_IMU stream at 50 Hz
2024-11-05 20:33:53,315 [INFO] Requested GPS_RAW_INT stream at 1 Hz
2024-11-05 20:33:53,315 [INFO] VEHICLE MODE: VehicleMode:CIRCLE
2024-11-05 20:33:53,451 [INFO] GPS Location: Latitude=-35.3555912, Longitude=149.1809217, Altitude=683.97 meters
2024-11-05 20:33:53,452 [INFO] Satellites Visible: 10, Fix Type: 6
2024-11-05 20:33:53,452 [INFO] --------------------------------------------------
2024-11-05 20:33:53,455 [INFO] Accelerometer: x=-61, y=-86, z=-1034
2024-11-05 20:33:53,455 [INFO] Gyroscope: x=12, y=44, z=129
2024-11-05 20:33:53,456 [INFO] Magnetometer: x=-248, y=-111, z=-512
2024-11-05 20:33:53,456 [INFO] --------------------------------------------------
2024-11-05 20:33:53,491 [INFO] Accelerometer: x=-59, y=-84, z=-1034
2024-11-05 20:33:53,491 [INFO] Gyroscope: x=10, y=46, z=120
2024-11-05 20:33:53,491 [INFO] Magnetometer: x=-247, y=-108, z=-513
2024-11-05 20:33:53,491 [INFO] --------------------------------------------------
2024-11-05 20:33:53,511 [INFO] Accelerometer: x=-62, y=-86, z=-1031
2024-11-05 20:33:53,512 [INFO] Gyroscope: x=13, y=48, z=112
2024-11-05 20:33:53,512 [INFO] Magnetometer: x=-247, y=-108, z=-513
2024-11-05 20:33:53,512 [INFO] --------------------------------------------------
2024-11-05 20:33:53,529 [INFO] Accelerometer: x=-61, y=-88, z=-1036
2024-11-05 20:33:53,529 [INFO] Gyroscope: x=12, y=44, z=109
2024-11-05 20:33:53,529 [INFO] Magnetometer: x=-247, y=-108, z=-513
2024-11-05 20:33:53,529 [INFO] --------------------------------------------------
2024-11-05 20:33:53,547 [INFO] Accelerometer: x=-70, y=-80, z=-1031
2024-11-05 20:33:53,547 [INFO] Gyroscope: x=4, y=44, z=113
2024-11-05 20:33:53,547 [INFO] Magnetometer: x=-247, y=-108, z=-513
2024-11-05 20:33:53,547 [INFO] --------------------------------------------------
2024-11-05 20:33:53,588 [INFO] Accelerometer: x=-63, y=-87, z=-1036
2024-11-05 20:33:53,588 [INFO] Gyroscope: x=3, y=46, z=117
2024-11-05 20:33:53,588 [INFO] Magnetometer: x=-246, y=-106, z=-514
2024-11-05 20:33:53,588 [INFO] --------------------------------------------------
2024-11-05 20:33:53,611 [INFO] Accelerometer: x=-67, y=-83, z=-1036
2024-11-05 20:33:53,611 [INFO] Gyroscope: x=8, y=38, z=117
2024-11-05 20:33:53,611 [INFO] Magnetometer: x=-246, y=-106, z=-514
2024-11-05 20:33:53,611 [INFO] --------------------------------------------------
2024-11-05 20:33:53,628 [INFO] Accelerometer: x=-63, y=-88, z=-1022
2024-11-05 20:33:53,629 [INFO] Gyroscope: x=14, y=39, z=117
2024-11-05 20:33:53,629 [INFO] Magnetometer: x=-246, y=-106, z=-514
2024-11-05 20:33:53,629 [INFO] --------------------------------------------------
2024-11-05 20:33:53,652 [INFO] Accelerometer: x=-59, y=-86, z=-1022
2024-11-05 20:33:53,657 [INFO] Gyroscope: x=12, y=41, z=119
2024-11-05 20:33:53,658 [INFO] Magnetometer: x=-246, y=-106, z=-514
2024-11-05 20:33:53,658 [INFO] --------------------------------------------------
2024-11-05 20:33:53,688 [INFO] Accelerometer: x=-62, y=-83, z=-1020
2024-11-05 20:33:53,688 [INFO] Gyroscope: x=18, y=40, z=122
2024-11-05 20:33:53,689 [INFO] Magnetometer: x=-245, y=-103, z=-515
2024-11-05 20:33:53,689 [INFO] --------------------------------------------------
2024-11-05 20:33:53,692 [INFO] GPS Location: Latitude=-35.3556598, Longitude=149.1808615, Altitude=683.98 meters
2024-11-05 20:33:53,692 [INFO] Satellites Visible: 10, Fix Type: 6
2024-11-05 20:33:53,693 [INFO] --------------------------------------------------
2024-11-05 20:33:53,710 [INFO] Accelerometer: x=-64, y=-77, z=-1019
2024-11-05 20:33:53,711 [INFO] Gyroscope: x=23, y=38, z=128
2024-11-05 20:33:53,711 [INFO] Magnetometer: x=-245, y=-103, z=-515
2024-11-05 20:33:53,711 [INFO] --------------------------------------------------
2024-11-05 20:33:53,727 [INFO] Accelerometer: x=-65, y=-81, z=-1019
2024-11-05 20:33:53,728 [INFO] Gyroscope: x=22, y=39, z=130
2024-11-05 20:33:53,728 [INFO] Magnetometer: x=-245, y=-103, z=-515
2024-11-05 20:33:53,728 [INFO] --------------------------------------------------
2024-11-05 20:33:53,751 [INFO] Accelerometer: x=-60, y=-82, z=-1017
2024-11-05 20:33:53,751 [INFO] Gyroscope: x=26, y=35, z=129
2024-11-05 20:33:53,751 [INFO] Magnetometer: x=-245, y=-103, z=-515
2024-11-05 20:33:53,751 [INFO] --------------------------------------------------
2024-11-05 20:33:53,791 [INFO] Accelerometer: x=-66, y=-78, z=-1004
2024-11-05 20:33:53,792 [INFO] Gyroscope: x=18, y=28, z=115
2024-11-05 20:33:53,792 [INFO] Magnetometer: x=-244, y=-101, z=-515
2024-11-05 20:33:53,792 [INFO] --------------------------------------------------
2024-11-05 20:33:53,809 [INFO] Accelerometer: x=-61, y=-77, z=-1002
2024-11-05 20:33:53,809 [INFO] Gyroscope: x=15, y=27, z=111
2024-11-05 20:33:53,809 [INFO] Magnetometer: x=-244, y=-101, z=-515
2024-11-05 20:33:53,809 [INFO] --------------------------------------------------
2024-11-05 20:33:53,827 [INFO] Accelerometer: x=-56, y=-80, z=-1000
2024-11-05 20:33:53,827 [INFO] Gyroscope: x=14, y=29, z=115
2024-11-05 20:33:53,827 [INFO] Magnetometer: x=-244, y=-101, z=-515
2024-11-05 20:33:53,827 [INFO] --------------------------------------------------
2024-11-05 20:33:53,850 [INFO] Accelerometer: x=-63, y=-84, z=-997
2024-11-05 20:33:53,850 [INFO] Gyroscope: x=15, y=29, z=115
2024-11-05 20:33:53,850 [INFO] Magnetometer: x=-244, y=-101, z=-515
2024-11-05 20:33:53,850 [INFO] --------------------------------------------------
2024-11-05 20:33:53,891 [INFO] Accelerometer: x=-58, y=-84, z=-994
2024-11-05 20:33:53,891 [INFO] Gyroscope: x=22, y=33, z=115
2024-11-05 20:33:53,891 [INFO] Magnetometer: x=-244, y=-99, z=-516
2024-11-05 20:33:53,891 [INFO] --------------------------------------------------
2024-11-05 20:33:53,908 [INFO] Accelerometer: x=-55, y=-84, z=-1006
2024-11-05 20:33:53,908 [INFO] Gyroscope: x=17, y=34, z=117
2024-11-05 20:33:53,908 [INFO] Magnetometer: x=-244, y=-99, z=-516
2024-11-05 20:33:53,908 [INFO] --------------------------------------------------
2024-11-05 20:33:53,931 [INFO] Accelerometer: x=-61, y=-90, z=-1002
2024-11-05 20:33:53,932 [INFO] Gyroscope: x=14, y=34, z=119
2024-11-05 20:33:53,932 [INFO] Magnetometer: x=-244, y=-99, z=-516
2024-11-05 20:33:53,932 [INFO] --------------------------------------------------
2024-11-05 20:33:53,952 [INFO] GPS Location: Latitude=-35.3556932, Longitude=149.1808299, Altitude=683.98 meters
2024-11-05 20:33:53,952 [INFO] Satellites Visible: 10, Fix Type: 6
2024-11-05 20:33:53,952 [INFO] --------------------------------------------------
2024-11-05 20:33:53,957 [INFO] Accelerometer: x=-59, y=-84, z=-1004
2024-11-05 20:33:53,957 [INFO] Gyroscope: x=12, y=36, z=119
2024-11-05 20:33:53,957 [INFO] Magnetometer: x=-244, y=-99, z=-516
2024-11-05 20:33:53,957 [INFO] --------------------------------------------------
2024-11-05 20:33:53,990 [INFO] Accelerometer: x=-55, y=-80, z=-1022
2024-11-05 20:33:53,990 [INFO] Gyroscope: x=6, y=47, z=118
2024-11-05 20:33:53,990 [INFO] Magnetometer: x=-243, y=-97, z=-517
2024-11-05 20:33:53,990 [INFO] --------------------------------------------------
2024-11-05 20:33:54,007 [INFO] Accelerometer: x=-56, y=-87, z=-1024
2024-11-05 20:33:54,007 [INFO] Gyroscope: x=3, y=44, z=113
2024-11-05 20:33:54,007 [INFO] Magnetometer: x=-243, y=-97, z=-517
2024-11-05 20:33:54,007 [INFO] --------------------------------------------------
2024-11-05 20:33:54,031 [INFO] Accelerometer: x=-58, y=-91, z=-1028
2024-11-05 20:33:54,031 [INFO] Gyroscope: x=0, y=47, z=108
2024-11-05 20:33:54,031 [INFO] Magnetometer: x=-243, y=-97, z=-517
2024-11-05 20:33:54,031 [INFO] --------------------------------------------------
2024-11-05 20:33:54,048 [INFO] Accelerometer: x=-63, y=-89, z=-1026
2024-11-05 20:33:54,048 [INFO] Gyroscope: x=-1, y=48, z=111
2024-11-05 20:33:54,048 [INFO] Magnetometer: x=-243, y=-97, z=-517
2024-11-05 20:33:54,048 [INFO] --------------------------------------------------
2024-11-05 20:33:54,089 [INFO] Accelerometer: x=-58, y=-90, z=-1048
2024-11-05 20:33:54,089 [INFO] Gyroscope: x=-6, y=59, z=113
2024-11-05 20:33:54,089 [INFO] Magnetometer: x=-242, y=-94, z=-518
2024-11-05 20:33:54,089 [INFO] --------------------------------------------------
2024-11-05 20:33:54,112 [INFO] Accelerometer: x=-62, y=-87, z=-1052
2024-11-05 20:33:54,112 [INFO] Gyroscope: x=-9, y=67, z=107
2024-11-05 20:33:54,112 [INFO] Magnetometer: x=-242, y=-94, z=-518
2024-11-05 20:33:54,112 [INFO] --------------------------------------------------
2024-11-05 20:33:54,130 [INFO] Accelerometer: x=-58, y=-95, z=-1060
2024-11-05 20:33:54,130 [INFO] Gyroscope: x=-10, y=69, z=106
2024-11-05 20:33:54,130 [INFO] Magnetometer: x=-242, y=-94, z=-518
2024-11-05 20:33:54,130 [INFO] --------------------------------------------------
2024-11-05 20:33:54,147 [INFO] Accelerometer: x=-62, y=-99, z=-1073
2024-11-05 20:33:54,147 [INFO] Gyroscope: x=-5, y=59, z=105
2024-11-05 20:33:54,148 [INFO] Magnetometer: x=-242, y=-94, z=-518
2024-11-05 20:33:54,148 [INFO] --------------------------------------------------
2024-11-05 20:33:54,188 [INFO] Accelerometer: x=-65, y=-98, z=-1067
2024-11-05 20:33:54,189 [INFO] Gyroscope: x=8, y=56, z=113
2024-11-05 20:33:54,189 [INFO] Magnetometer: x=-241, y=-92, z=-519
2024-11-05 20:33:54,189 [INFO] --------------------------------------------------
2024-11-05 20:33:54,194 [INFO] GPS Location: Latitude=-35.3557258, Longitude=149.1807973, Altitude=683.97 meters
2024-11-05 20:33:54,194 [INFO] Satellites Visible: 10, Fix Type: 6
2024-11-05 20:33:54,194 [INFO] --------------------------------------------------
2024-11-05 20:33:54,212 [INFO] Accelerometer: x=-60, y=-95, z=-1063
2024-11-05 20:33:54,212 [INFO] Gyroscope: x=8, y=58, z=116
2024-11-05 20:33:54,212 [INFO] Magnetometer: x=-241, y=-92, z=-519
2024-11-05 20:33:54,212 [INFO] --------------------------------------------------
2024-11-05 20:33:54,228 [INFO] Accelerometer: x=-65, y=-98, z=-1058
2024-11-05 20:33:54,228 [INFO] Gyroscope: x=4, y=57, z=117
2024-11-05 20:33:54,229 [INFO] Magnetometer: x=-241, y=-92, z=-519
2024-11-05 20:33:54,229 [INFO] --------------------------------------------------
2024-11-05 20:33:54,252 [INFO] Accelerometer: x=-58, y=-96, z=-1066
2024-11-05 20:33:54,252 [INFO] Gyroscope: x=2, y=58, z=117
2024-11-05 20:33:54,252 [INFO] Magnetometer: x=-241, y=-92, z=-519
2024-11-05 20:33:54,252 [INFO] --------------------------------------------------
2024-11-05 20:33:54,287 [INFO] Accelerometer: x=-62, y=-90, z=-1063
2024-11-05 20:33:54,288 [INFO] Gyroscope: x=8, y=58, z=125
2024-11-05 20:33:54,288 [INFO] Magnetometer: x=-239, y=-89, z=-520
2024-11-05 20:33:54,288 [INFO] --------------------------------------------------
2024-11-05 20:33:54,310 [INFO] Accelerometer: x=-56, y=-93, z=-1063
2024-11-05 20:33:54,311 [INFO] Gyroscope: x=8, y=60, z=128
2024-11-05 20:33:54,311 [INFO] Magnetometer: x=-239, y=-89, z=-520
2024-11-05 20:33:54,311 [INFO] --------------------------------------------------
2024-11-05 20:33:54,316 [INFO] VEHICLE MODE: VehicleMode:CIRCLE
2024-11-05 20:33:54,328 [INFO] Accelerometer: x=-65, y=-92, z=-1072
2024-11-05 20:33:54,328 [INFO] Gyroscope: x=8, y=60, z=121
2024-11-05 20:33:54,328 [INFO] Magnetometer: x=-239, y=-89, z=-520
2024-11-05 20:33:54,328 [INFO] --------------------------------------------------
2024-11-05 20:33:54,351 [INFO] Accelerometer: x=-62, y=-93, z=-1063
2024-11-05 20:33:54,351 [INFO] Gyroscope: x=6, y=59, z=117
2024-11-05 20:33:54,351 [INFO] Magnetometer: x=-239, y=-89, z=-520
2024-11-05 20:33:54,351 [INFO] --------------------------------------------------
2024-11-05 20:33:54,392 [INFO] Accelerometer: x=-63, y=-92, z=-1068
2024-11-05 20:33:54,392 [INFO] Gyroscope: x=10, y=54, z=111
2024-11-05 20:33:54,392 [INFO] Magnetometer: x=-237, y=-86, z=-522
2024-11-05 20:33:54,392 [INFO] --------------------------------------------------
2024-11-05 20:33:54,421 [INFO] Accelerometer: x=-63, y=-86, z=-1057
2024-11-05 20:33:54,422 [INFO] Gyroscope: x=13, y=51, z=112
2024-11-05 20:33:54,422 [INFO] Magnetometer: x=-237, y=-86, z=-522
2024-11-05 20:33:54,422 [INFO] --------------------------------------------------
2024-11-05 20:33:54,427 [INFO] Accelerometer: x=-59, y=-88, z=-1060
2024-11-05 20:33:54,427 [INFO] Gyroscope: x=10, y=52, z=107
2024-11-05 20:33:54,427 [INFO] Magnetometer: x=-237, y=-86, z=-522
2024-11-05 20:33:54,427 [INFO] --------------------------------------------------
2024-11-05 20:33:54,453 [INFO] GPS Location: Latitude=-35.3557579, Longitude=149.1807637, Altitude=683.96 meters
2024-11-05 20:33:54,453 [INFO] Satellites Visible: 10, Fix Type: 6
2024-11-05 20:33:54,453 [INFO] --------------------------------------------------
2024-11-05 20:33:54,457 [INFO] Accelerometer: x=-59, y=-92, z=-1054
2024-11-05 20:33:54,458 [INFO] Gyroscope: x=7, y=56, z=100
2024-11-05 20:33:54,458 [INFO] Magnetometer: x=-237, y=-86, z=-522
2024-11-05 20:33:54,458 [INFO] --------------------------------------------------
2024-11-05 20:33:54,491 [INFO] Accelerometer: x=-59, y=-95, z=-1058
2024-11-05 20:33:54,491 [INFO] Gyroscope: x=9, y=57, z=103
2024-11-05 20:33:54,491 [INFO] Magnetometer: x=-235, y=-84, z=-523
2024-11-05 20:33:54,491 [INFO] --------------------------------------------------
2024-11-05 20:33:54,507 [INFO] Accelerometer: x=-61, y=-93, z=-1059
2024-11-05 20:33:54,507 [INFO] Gyroscope: x=7, y=57, z=108
2024-11-05 20:33:54,507 [INFO] Magnetometer: x=-235, y=-84, z=-523
2024-11-05 20:33:54,507 [INFO] --------------------------------------------------
2024-11-05 20:33:54,532 [INFO] Accelerometer: x=-60, y=-102, z=-1061
2024-11-05 20:33:54,532 [INFO] Gyroscope: x=2, y=61, z=104
2024-11-05 20:33:54,532 [INFO] Magnetometer: x=-235, y=-84, z=-523
2024-11-05 20:33:54,532 [INFO] --------------------------------------------------
2024-11-05 20:33:54,549 [INFO] Accelerometer: x=-50, y=-103, z=-1071
2024-11-05 20:33:54,549 [INFO] Gyroscope: x=1, y=66, z=105
2024-11-05 20:33:54,549 [INFO] Magnetometer: x=-235, y=-84, z=-523
2024-11-05 20:33:54,549 [INFO] --------------------------------------------------
2024-11-05 20:33:54,590 [INFO] Accelerometer: x=-61, y=-105, z=-1083
2024-11-05 20:33:54,590 [INFO] Gyroscope: x=1, y=69, z=107
2024-11-05 20:33:54,591 [INFO] Magnetometer: x=-233, y=-82, z=-524
2024-11-05 20:33:54,591 [INFO] --------------------------------------------------
2024-11-05 20:33:54,608 [INFO] Accelerometer: x=-60, y=-99, z=-1088
2024-11-05 20:33:54,609 [INFO] Gyroscope: x=5, y=67, z=111
2024-11-05 20:33:54,609 [INFO] Magnetometer: x=-233, y=-82, z=-524
2024-11-05 20:33:54,609 [INFO] --------------------------------------------------
2024-11-05 20:33:54,632 [INFO] Accelerometer: x=-57, y=-103, z=-1079
2024-11-05 20:33:54,633 [INFO] Gyroscope: x=11, y=65, z=115
2024-11-05 20:33:54,633 [INFO] Magnetometer: x=-233, y=-82, z=-524
2024-11-05 20:33:54,633 [INFO] --------------------------------------------------
2024-11-05 20:33:54,651 [INFO] Accelerometer: x=-56, y=-102, z=-1077
2024-11-05 20:33:54,651 [INFO] Gyroscope: x=16, y=60, z=120
2024-11-05 20:33:54,651 [INFO] Magnetometer: x=-233, y=-82, z=-524
2024-11-05 20:33:54,651 [INFO] --------------------------------------------------
2024-11-05 20:33:54,692 [INFO] Accelerometer: x=-61, y=-96, z=-1070
2024-11-05 20:33:54,692 [INFO] Gyroscope: x=12, y=54, z=122
2024-11-05 20:33:54,692 [INFO] Magnetometer: x=-230, y=-80, z=-526
2024-11-05 20:33:54,692 [INFO] --------------------------------------------------
2024-11-05 20:33:54,697 [INFO] GPS Location: Latitude=-35.3558199, Longitude=149.1806937, Altitude=683.95 meters
2024-11-05 20:33:54,697 [INFO] Satellites Visible: 10, Fix Type: 6
2024-11-05 20:33:54,697 [INFO] --------------------------------------------------
2024-11-05 20:33:54,707 [INFO] Accelerometer: x=-62, y=-94, z=-1062
2024-11-05 20:33:54,707 [INFO] Gyroscope: x=9, y=50, z=121
2024-11-05 20:33:54,707 [INFO] Magnetometer: x=-230, y=-80, z=-526
2024-11-05 20:33:54,707 [INFO] --------------------------------------------------
2024-11-05 20:33:54,731 [INFO] Accelerometer: x=-60, y=-97, z=-1065
2024-11-05 20:33:54,731 [INFO] Gyroscope: x=11, y=48, z=118
2024-11-05 20:33:54,731 [INFO] Magnetometer: x=-230, y=-80, z=-526
2024-11-05 20:33:54,731 [INFO] --------------------------------------------------
2024-11-05 20:33:54,748 [INFO] Accelerometer: x=-55, y=-95, z=-1049
2024-11-05 20:33:54,748 [INFO] Gyroscope: x=11, y=41, z=119
2024-11-05 20:33:54,748 [INFO] Magnetometer: x=-230, y=-80, z=-526
2024-11-05 20:33:54,748 [INFO] --------------------------------------------------
2024-11-05 20:33:54,789 [INFO] Accelerometer: x=-56, y=-93, z=-1040
2024-11-05 20:33:54,789 [INFO] Gyroscope: x=13, y=40, z=124
2024-11-05 20:33:54,789 [INFO] Magnetometer: x=-228, y=-77, z=-527
2024-11-05 20:33:54,789 [INFO] --------------------------------------------------
2024-11-05 20:33:54,811 [INFO] Accelerometer: x=-50, y=-92, z=-1035
2024-11-05 20:33:54,812 [INFO] Gyroscope: x=15, y=34, z=120
2024-11-05 20:33:54,812 [INFO] Magnetometer: x=-228, y=-77, z=-527
2024-11-05 20:33:54,812 [INFO] --------------------------------------------------
2024-11-05 20:33:54,828 [INFO] Accelerometer: x=-56, y=-95, z=-1018
2024-11-05 20:33:54,828 [INFO] Gyroscope: x=13, y=27, z=121
2024-11-05 20:33:54,828 [INFO] Magnetometer: x=-228, y=-77, z=-527
2024-11-05 20:33:54,828 [INFO] --------------------------------------------------
2024-11-05 20:33:54,848 [INFO] Accelerometer: x=-53, y=-91, z=-1007
2024-11-05 20:33:54,849 [INFO] Gyroscope: x=15, y=22, z=124
2024-11-05 20:33:54,849 [INFO] Magnetometer: x=-228, y=-77, z=-527
2024-11-05 20:33:54,849 [INFO] --------------------------------------------------
2024-11-05 20:33:54,888 [INFO] Accelerometer: x=-61, y=-90, z=-990
2024-11-05 20:33:54,888 [INFO] Gyroscope: x=12, y=20, z=117
2024-11-05 20:33:54,888 [INFO] Magnetometer: x=-227, y=-75, z=-527
2024-11-05 20:33:54,888 [INFO] --------------------------------------------------
2024-11-05 20:33:54,911 [INFO] Accelerometer: x=-52, y=-89, z=-983
2024-11-05 20:33:54,911 [INFO] Gyroscope: x=7, y=21, z=117
2024-11-05 20:33:54,911 [INFO] Magnetometer: x=-227, y=-75, z=-527
2024-11-05 20:33:54,911 [INFO] --------------------------------------------------
2024-11-05 20:33:54,929 [INFO] Accelerometer: x=-50, y=-92, z=-977
2024-11-05 20:33:54,929 [INFO] Gyroscope: x=0, y=21, z=119
2024-11-05 20:33:54,929 [INFO] Magnetometer: x=-227, y=-75, z=-527
2024-11-05 20:33:54,929 [INFO] --------------------------------------------------
2024-11-05 20:33:54,956 [INFO] GPS Location: Latitude=-35.3558498, Longitude=149.1806571, Altitude=683.96 meters
2024-11-05 20:33:54,956 [INFO] Satellites Visible: 10, Fix Type: 6
2024-11-05 20:33:54,956 [INFO] --------------------------------------------------
2024-11-05 20:33:54,960 [INFO] Accelerometer: x=-62, y=-82, z=-981
2024-11-05 20:33:54,960 [INFO] Gyroscope: x=-1, y=19, z=121
2024-11-05 20:33:54,960 [INFO] Magnetometer: x=-227, y=-75, z=-527
2024-11-05 20:33:54,960 [INFO] --------------------------------------------------
2024-11-05 20:33:54,987 [INFO] Accelerometer: x=-52, y=-95, z=-985
2024-11-05 20:33:54,987 [INFO] Gyroscope: x=-5, y=26, z=114
2024-11-05 20:33:54,987 [INFO] Magnetometer: x=-227, y=-73, z=-528
2024-11-05 20:33:54,987 [INFO] --------------------------------------------------
2024-11-05 20:33:55,010 [INFO] Accelerometer: x=-50, y=-95, z=-989
2024-11-05 20:33:55,010 [INFO] Gyroscope: x=-4, y=27, z=107
2024-11-05 20:33:55,010 [INFO] Magnetometer: x=-227, y=-73, z=-528
2024-11-05 20:33:55,010 [INFO] --------------------------------------------------
2024-11-05 20:33:55,027 [INFO] Accelerometer: x=-52, y=-92, z=-986
2024-11-05 20:33:55,027 [INFO] Gyroscope: x=-2, y=29, z=104
2024-11-05 20:33:55,027 [INFO] Magnetometer: x=-227, y=-73, z=-528
2024-11-05 20:33:55,027 [INFO] --------------------------------------------------
2024-11-05 20:33:55,052 [INFO] Accelerometer: x=-60, y=-93, z=-992
2024-11-05 20:33:55,052 [INFO] Gyroscope: x=1, y=31, z=101
2024-11-05 20:33:55,052 [INFO] Magnetometer: x=-227, y=-73, z=-528
2024-11-05 20:33:55,052 [INFO] --------------------------------------------------
2024-11-05 20:33:55,092 [INFO] Accelerometer: x=-56, y=-94, z=-994
2024-11-05 20:33:55,092 [INFO] Gyroscope: x=-1, y=28, z=116
2024-11-05 20:33:55,092 [INFO] Magnetometer: x=-227, y=-70, z=-528
2024-11-05 20:33:55,092 [INFO] --------------------------------------------------
2024-11-05 20:33:55,109 [INFO] Accelerometer: x=-50, y=-97, z=-993
2024-11-05 20:33:55,109 [INFO] Gyroscope: x=-3, y=24, z=121
2024-11-05 20:33:55,109 [INFO] Magnetometer: x=-227, y=-70, z=-528
2024-11-05 20:33:55,109 [INFO] --------------------------------------------------
2024-11-05 20:33:55,127 [INFO] Accelerometer: x=-57, y=-93, z=-989
2024-11-05 20:33:55,127 [INFO] Gyroscope: x=-1, y=27, z=124
2024-11-05 20:33:55,127 [INFO] Magnetometer: x=-227, y=-70, z=-528
2024-11-05 20:33:55,127 [INFO] --------------------------------------------------
2024-11-05 20:33:55,150 [INFO] Accelerometer: x=-58, y=-93, z=-993
2024-11-05 20:33:55,151 [INFO] Gyroscope: x=3, y=31, z=130
2024-11-05 20:33:55,151 [INFO] Magnetometer: x=-227, y=-70, z=-528
2024-11-05 20:33:55,151 [INFO] --------------------------------------------------
2024-11-05 20:33:55,191 [INFO] Accelerometer: x=-55, y=-87, z=-1008
2024-11-05 20:33:55,191 [INFO] Gyroscope: x=3, y=48, z=122
2024-11-05 20:33:55,191 [INFO] Magnetometer: x=-226, y=-68, z=-529
2024-11-05 20:33:55,191 [INFO] --------------------------------------------------
2024-11-05 20:33:55,196 [INFO] GPS Location: Latitude=-35.3558790, Longitude=149.1806198, Altitude=683.97 meters
2024-11-05 20:33:55,196 [INFO] Satellites Visible: 10, Fix Type: 6
2024-11-05 20:33:55,196 [INFO] --------------------------------------------------
2024-11-05 20:33:55,209 [INFO] Accelerometer: x=-58, y=-91, z=-1023
2024-11-05 20:33:55,209 [INFO] Gyroscope: x=2, y=53, z=119
2024-11-05 20:33:55,209 [INFO] Magnetometer: x=-226, y=-68, z=-529
2024-11-05 20:33:55,209 [INFO] --------------------------------------------------
2024-11-05 20:33:55,231 [INFO] Accelerometer: x=-57, y=-89, z=-1032
2024-11-05 20:33:55,231 [INFO] Gyroscope: x=3, y=51, z=115
2024-11-05 20:33:55,232 [INFO] Magnetometer: x=-226, y=-68, z=-529
2024-11-05 20:33:55,232 [INFO] --------------------------------------------------
2024-11-05 20:33:55,249 [INFO] Accelerometer: x=-58, y=-88, z=-1030
2024-11-05 20:33:55,249 [INFO] Gyroscope: x=0, y=52, z=115
2024-11-05 20:33:55,249 [INFO] Magnetometer: x=-226, y=-68, z=-529
2024-11-05 20:33:55,249 [INFO] --------------------------------------------------
2024-11-05 20:33:55,290 [INFO] Accelerometer: x=-62, y=-95, z=-1050
2024-11-05 20:33:55,290 [INFO] Gyroscope: x=0, y=52, z=112
2024-11-05 20:33:55,290 [INFO] Magnetometer: x=-225, y=-65, z=-530
2024-11-05 20:33:55,290 [INFO] --------------------------------------------------
2024-11-05 20:33:55,307 [INFO] Accelerometer: x=-60, y=-94, z=-1050
2024-11-05 20:33:55,308 [INFO] Gyroscope: x=2, y=52, z=110
2024-11-05 20:33:55,308 [INFO] Magnetometer: x=-225, y=-65, z=-530
2024-11-05 20:33:55,308 [INFO] --------------------------------------------------
2024-11-05 20:33:55,319 [INFO] VEHICLE MODE: VehicleMode:CIRCLE
2024-11-05 20:33:55,331 [INFO] Accelerometer: x=-62, y=-91, z=-1049
2024-11-05 20:33:55,331 [INFO] Gyroscope: x=5, y=54, z=111
2024-11-05 20:33:55,331 [INFO] Magnetometer: x=-225, y=-65, z=-530
2024-11-05 20:33:55,331 [INFO] --------------------------------------------------
2024-11-05 20:33:55,349 [INFO] Accelerometer: x=-59, y=-96, z=-1055
2024-11-05 20:33:55,349 [INFO] Gyroscope: x=7, y=60, z=109
2024-11-05 20:33:55,349 [INFO] Magnetometer: x=-225, y=-65, z=-530
2024-11-05 20:33:55,349 [INFO] --------------------------------------------------
2024-11-05 20:33:55,390 [INFO] Accelerometer: x=-62, y=-97, z=-1063
2024-11-05 20:33:55,391 [INFO] Gyroscope: x=9, y=67, z=113
2024-11-05 20:33:55,391 [INFO] Magnetometer: x=-223, y=-62, z=-531
2024-11-05 20:33:55,391 [INFO] --------------------------------------------------
2024-11-05 20:33:55,409 [INFO] Accelerometer: x=-52, y=-94, z=-1077
2024-11-05 20:33:55,410 [INFO] Gyroscope: x=9, y=67, z=106
2024-11-05 20:33:55,410 [INFO] Magnetometer: x=-223, y=-62, z=-531
2024-11-05 20:33:55,410 [INFO] --------------------------------------------------
2024-11-05 20:33:55,430 [INFO] Accelerometer: x=-60, y=-94, z=-1080
2024-11-05 20:33:55,430 [INFO] Gyroscope: x=11, y=68, z=108
2024-11-05 20:33:55,430 [INFO] Magnetometer: x=-223, y=-62, z=-531
2024-11-05 20:33:55,431 [INFO] --------------------------------------------------
2024-11-05 20:33:55,452 [INFO] GPS Location: Latitude=-35.3559075, Longitude=149.1805816, Altitude=683.97 meters
2024-11-05 20:33:55,452 [INFO] Satellites Visible: 10, Fix Type: 6
2024-11-05 20:33:55,452 [INFO] --------------------------------------------------
2024-11-05 20:33:55,455 [INFO] Accelerometer: x=-61, y=-90, z=-1084
2024-11-05 20:33:55,456 [INFO] Gyroscope: x=15, y=70, z=110
2024-11-05 20:33:55,456 [INFO] Magnetometer: x=-223, y=-62, z=-531
2024-11-05 20:33:55,456 [INFO] --------------------------------------------------
2024-11-05 20:33:55,488 [INFO] Accelerometer: x=-69, y=-102, z=-1093
2024-11-05 20:33:55,488 [INFO] Gyroscope: x=15, y=68, z=109
2024-11-05 20:33:55,488 [INFO] Magnetometer: x=-220, y=-60, z=-532
2024-11-05 20:33:55,488 [INFO] --------------------------------------------------
2024-11-05 20:33:55,511 [INFO] Accelerometer: x=-60, y=-95, z=-1086
2024-11-05 20:33:55,512 [INFO] Gyroscope: x=12, y=65, z=112
2024-11-05 20:33:55,512 [INFO] Magnetometer: x=-220, y=-60, z=-532
2024-11-05 20:33:55,512 [INFO] --------------------------------------------------
2024-11-05 20:33:55,529 [INFO] Accelerometer: x=-62, y=-96, z=-1084
2024-11-05 20:33:55,529 [INFO] Gyroscope: x=14, y=64, z=113
2024-11-05 20:33:55,530 [INFO] Magnetometer: x=-220, y=-60, z=-532
2024-11-05 20:33:55,530 [INFO] --------------------------------------------------
2024-11-05 20:33:55,547 [INFO] Accelerometer: x=-64, y=-96, z=-1085
2024-11-05 20:33:55,547 [INFO] Gyroscope: x=12, y=64, z=115
2024-11-05 20:33:55,547 [INFO] Magnetometer: x=-220, y=-60, z=-532
2024-11-05 20:33:55,547 [INFO] --------------------------------------------------
2024-11-05 20:33:55,587 [INFO] Accelerometer: x=-61, y=-90, z=-1076
2024-11-05 20:33:55,588 [INFO] Gyroscope: x=16, y=56, z=122
2024-11-05 20:33:55,588 [INFO] Magnetometer: x=-217, y=-58, z=-534
2024-11-05 20:33:55,588 [INFO] --------------------------------------------------
2024-11-05 20:33:55,612 [INFO] Accelerometer: x=-62, y=-94, z=-1067
2024-11-05 20:33:55,612 [INFO] Gyroscope: x=15, y=56, z=121
2024-11-05 20:33:55,612 [INFO] Magnetometer: x=-217, y=-58, z=-534
2024-11-05 20:33:55,612 [INFO] --------------------------------------------------
2024-11-05 20:33:55,629 [INFO] Accelerometer: x=-55, y=-100, z=-1071
2024-11-05 20:33:55,630 [INFO] Gyroscope: x=14, y=60, z=118
2024-11-05 20:33:55,630 [INFO] Magnetometer: x=-217, y=-58, z=-534
2024-11-05 20:33:55,630 [INFO] --------------------------------------------------
2024-11-05 20:33:55,652 [INFO] Accelerometer: x=-60, y=-91, z=-1065
2024-11-05 20:33:55,652 [INFO] Gyroscope: x=19, y=60, z=122
2024-11-05 20:33:55,652 [INFO] Magnetometer: x=-217, y=-58, z=-534
2024-11-05 20:33:55,653 [INFO] --------------------------------------------------
2024-11-05 20:33:55,687 [INFO] Accelerometer: x=-62, y=-89, z=-1069
2024-11-05 20:33:55,688 [INFO] Gyroscope: x=11, y=55, z=121
2024-11-05 20:33:55,688 [INFO] Magnetometer: x=-215, y=-57, z=-535
2024-11-05 20:33:55,688 [INFO] --------------------------------------------------
2024-11-05 20:33:55,693 [INFO] GPS Location: Latitude=-35.3559621, Longitude=149.1805029, Altitude=683.96 meters
2024-11-05 20:33:55,693 [INFO] Satellites Visible: 10, Fix Type: 6
2024-11-05 20:33:55,693 [INFO] --------------------------------------------------
2024-11-05 20:33:55,708 [INFO] Accelerometer: x=-64, y=-91, z=-1056
2024-11-05 20:33:55,709 [INFO] Gyroscope: x=13, y=54, z=123
2024-11-05 20:33:55,709 [INFO] Magnetometer: x=-215, y=-57, z=-535
2024-11-05 20:33:55,709 [INFO] --------------------------------------------------
2024-11-05 20:33:55,729 [INFO] Accelerometer: x=-67, y=-85, z=-1063
2024-11-05 20:33:55,729 [INFO] Gyroscope: x=14, y=52, z=128
2024-11-05 20:33:55,729 [INFO] Magnetometer: x=-215, y=-57, z=-535
2024-11-05 20:33:55,730 [INFO] --------------------------------------------------
2024-11-05 20:33:55,751 [INFO] Accelerometer: x=-62, y=-89, z=-1058
2024-11-05 20:33:55,751 [INFO] Gyroscope: x=14, y=46, z=127
2024-11-05 20:33:55,751 [INFO] Magnetometer: x=-215, y=-57, z=-535
2024-11-05 20:33:55,751 [INFO] --------------------------------------------------
2024-11-05 20:33:55,792 [INFO] Accelerometer: x=-59, y=-89, z=-1031
2024-11-05 20:33:55,792 [INFO] Gyroscope: x=10, y=33, z=118
2024-11-05 20:33:55,792 [INFO] Magnetometer: x=-213, y=-55, z=-536
2024-11-05 20:33:55,792 [INFO] --------------------------------------------------
2024-11-05 20:33:55,809 [INFO] Accelerometer: x=-54, y=-87, z=-1023
2024-11-05 20:33:55,809 [INFO] Gyroscope: x=11, y=34, z=122
2024-11-05 20:33:55,809 [INFO] Magnetometer: x=-213, y=-55, z=-536
2024-11-05 20:33:55,809 [INFO] --------------------------------------------------
2024-11-05 20:33:55,826 [INFO] Accelerometer: x=-59, y=-81, z=-1018
2024-11-05 20:33:55,827 [INFO] Gyroscope: x=5, y=36, z=123
2024-11-05 20:33:55,827 [INFO] Magnetometer: x=-213, y=-55, z=-536
2024-11-05 20:33:55,827 [INFO] --------------------------------------------------
2024-11-05 20:33:55,851 [INFO] Accelerometer: x=-56, y=-85, z=-1014
2024-11-05 20:33:55,852 [INFO] Gyroscope: x=10, y=33, z=121
2024-11-05 20:33:55,852 [INFO] Magnetometer: x=-213, y=-55, z=-536
2024-11-05 20:33:55,853 [INFO] --------------------------------------------------
2024-11-05 20:33:55,891 [INFO] Accelerometer: x=-54, y=-88, z=-1008
2024-11-05 20:33:55,891 [INFO] Gyroscope: x=18, y=30, z=124
2024-11-05 20:33:55,891 [INFO] Magnetometer: x=-211, y=-53, z=-537
2024-11-05 20:33:55,891 [INFO] --------------------------------------------------
2024-11-05 20:33:55,908 [INFO] Accelerometer: x=-54, y=-81, z=-1005
2024-11-05 20:33:55,908 [INFO] Gyroscope: x=17, y=31, z=124
2024-11-05 20:33:55,908 [INFO] Magnetometer: x=-211, y=-53, z=-537
2024-11-05 20:33:55,908 [INFO] --------------------------------------------------
2024-11-05 20:33:55,931 [INFO] Accelerometer: x=-54, y=-77, z=-1000
2024-11-05 20:33:55,931 [INFO] Gyroscope: x=22, y=25, z=122
2024-11-05 20:33:55,931 [INFO] Magnetometer: x=-211, y=-53, z=-537
2024-11-05 20:33:55,931 [INFO] --------------------------------------------------
2024-11-05 20:33:55,953 [INFO] GPS Location: Latitude=-35.3559882, Longitude=149.1804622, Altitude=683.97 meters
2024-11-05 20:33:55,953 [INFO] Satellites Visible: 10, Fix Type: 6
2024-11-05 20:33:55,953 [INFO] --------------------------------------------------
2024-11-05 20:33:55,956 [INFO] Accelerometer: x=-55, y=-82, z=-1003
2024-11-05 20:33:55,956 [INFO] Gyroscope: x=20, y=23, z=116
2024-11-05 20:33:55,956 [INFO] Magnetometer: x=-211, y=-53, z=-537
2024-11-05 20:33:55,956 [INFO] --------------------------------------------------
2024-11-05 20:33:55,990 [INFO] Accelerometer: x=-55, y=-78, z=-995
2024-11-05 20:33:55,990 [INFO] Gyroscope: x=13, y=33, z=115
2024-11-05 20:33:55,990 [INFO] Magnetometer: x=-210, y=-51, z=-537
2024-11-05 20:33:55,990 [INFO] --------------------------------------------------
2024-11-05 20:33:56,007 [INFO] Accelerometer: x=-53, y=-86, z=-994
2024-11-05 20:33:56,007 [INFO] Gyroscope: x=9, y=35, z=115
2024-11-05 20:33:56,007 [INFO] Magnetometer: x=-210, y=-51, z=-537
2024-11-05 20:33:56,007 [INFO] --------------------------------------------------
2024-11-05 20:33:56,030 [INFO] Accelerometer: x=-53, y=-88, z=-999
2024-11-05 20:33:56,031 [INFO] Gyroscope: x=10, y=32, z=112
2024-11-05 20:33:56,031 [INFO] Magnetometer: x=-210, y=-51, z=-537
2024-11-05 20:33:56,031 [INFO] --------------------------------------------------
2024-11-05 20:33:56,048 [INFO] Accelerometer: x=-57, y=-89, z=-994
2024-11-05 20:33:56,048 [INFO] Gyroscope: x=8, y=27, z=117
2024-11-05 20:33:56,048 [INFO] Magnetometer: x=-210, y=-51, z=-537
2024-11-05 20:33:56,048 [INFO] --------------------------------------------------
2024-11-05 20:33:56,089 [INFO] Accelerometer: x=-56, y=-87, z=-1001
2024-11-05 20:33:56,089 [INFO] Gyroscope: x=9, y=34, z=118
2024-11-05 20:33:56,089 [INFO] Magnetometer: x=-209, y=-49, z=-538
2024-11-05 20:33:56,089 [INFO] --------------------------------------------------
2024-11-05 20:33:56,112 [INFO] Accelerometer: x=-56, y=-89, z=-1003
2024-11-05 20:33:56,112 [INFO] Gyroscope: x=9, y=34, z=118
2024-11-05 20:33:56,112 [INFO] Magnetometer: x=-209, y=-49, z=-538
2024-11-05 20:33:56,112 [INFO] --------------------------------------------------
2024-11-05 20:33:56,130 [INFO] Accelerometer: x=-53, y=-86, z=-1006
2024-11-05 20:33:56,131 [INFO] Gyroscope: x=7, y=41, z=116
2024-11-05 20:33:56,131 [INFO] Magnetometer: x=-209, y=-49, z=-538
2024-11-05 20:33:56,131 [INFO] --------------------------------------------------
2024-11-05 20:33:56,147 [INFO] Accelerometer: x=-63, y=-87, z=-1013
2024-11-05 20:33:56,147 [INFO] Gyroscope: x=7, y=44, z=113
2024-11-05 20:33:56,147 [INFO] Magnetometer: x=-209, y=-49, z=-538
2024-11-05 20:33:56,147 [INFO] --------------------------------------------------
2024-11-05 20:33:56,188 [INFO] Accelerometer: x=-56, y=-88, z=-1033
2024-11-05 20:33:56,188 [INFO] Gyroscope: x=8, y=49, z=108
2024-11-05 20:33:56,188 [INFO] Magnetometer: x=-208, y=-47, z=-539
2024-11-05 20:33:56,188 [INFO] --------------------------------------------------
2024-11-05 20:33:56,193 [INFO] GPS Location: Latitude=-35.3560133, Longitude=149.1804209, Altitude=683.98 meters
2024-11-05 20:33:56,193 [INFO] Satellites Visible: 10, Fix Type: 6
2024-11-05 20:33:56,193 [INFO] --------------------------------------------------
2024-11-05 20:33:56,210 [INFO] Accelerometer: x=-62, y=-85, z=-1031
2024-11-05 20:33:56,210 [INFO] Gyroscope: x=5, y=47, z=109
2024-11-05 20:33:56,210 [INFO] Magnetometer: x=-208, y=-47, z=-539
2024-11-05 20:33:56,210 [INFO] --------------------------------------------------
2024-11-05 20:33:56,229 [INFO] Accelerometer: x=-56, y=-96, z=-1029
2024-11-05 20:33:56,229 [INFO] Gyroscope: x=1, y=45, z=106
2024-11-05 20:33:56,229 [INFO] Magnetometer: x=-208, y=-47, z=-539
2024-11-05 20:33:56,229 [INFO] --------------------------------------------------
2024-11-05 20:33:56,252 [INFO] Accelerometer: x=-59, y=-93, z=-1036
2024-11-05 20:33:56,252 [INFO] Gyroscope: x=-4, y=50, z=108
2024-11-05 20:33:56,253 [INFO] Magnetometer: x=-208, y=-47, z=-539
2024-11-05 20:33:56,253 [INFO] --------------------------------------------------
2024-11-05 20:33:56,288 [INFO] Accelerometer: x=-57, y=-96, z=-1043
2024-11-05 20:33:56,289 [INFO] Gyroscope: x=-5, y=50, z=111
2024-11-05 20:33:56,289 [INFO] Magnetometer: x=-206, y=-45, z=-539
2024-11-05 20:33:56,290 [INFO] --------------------------------------------------
2024-11-05 20:33:56,311 [INFO] Accelerometer: x=-62, y=-92, z=-1042
2024-11-05 20:33:56,311 [INFO] Gyroscope: x=-5, y=47, z=113
2024-11-05 20:33:56,311 [INFO] Magnetometer: x=-206, y=-45, z=-539
2024-11-05 20:33:56,312 [INFO] --------------------------------------------------
2024-11-05 20:33:56,324 [INFO] VEHICLE MODE: VehicleMode:CIRCLE
2024-11-05 20:33:56,330 [INFO] Accelerometer: x=-60, y=-95, z=-1045
2024-11-05 20:33:56,330 [INFO] Gyroscope: x=1, y=49, z=115
2024-11-05 20:33:56,330 [INFO] Magnetometer: x=-206, y=-45, z=-539
2024-11-05 20:33:56,330 [INFO] --------------------------------------------------
2024-11-05 20:33:56,352 [INFO] Accelerometer: x=-57, y=-97, z=-1047
2024-11-05 20:33:56,353 [INFO] Gyroscope: x=7, y=55, z=116
2024-11-05 20:33:56,353 [INFO] Magnetometer: x=-206, y=-45, z=-539
2024-11-05 20:33:56,353 [INFO] --------------------------------------------------
2024-11-05 20:33:56,392 [INFO] Accelerometer: x=-56, y=-95, z=-1051
2024-11-05 20:33:56,393 [INFO] Gyroscope: x=2, y=56, z=118
2024-11-05 20:33:56,393 [INFO] Magnetometer: x=-204, y=-43, z=-540
2024-11-05 20:33:56,393 [INFO] --------------------------------------------------
2024-11-05 20:33:56,410 [INFO] Accelerometer: x=-62, y=-97, z=-1058
2024-11-05 20:33:56,410 [INFO] Gyroscope: x=-2, y=56, z=116
2024-11-05 20:33:56,410 [INFO] Magnetometer: x=-204, y=-43, z=-540
2024-11-05 20:33:56,410 [INFO] --------------------------------------------------
2024-11-05 20:33:56,427 [INFO] Accelerometer: x=-65, y=-101, z=-1057
2024-11-05 20:33:56,428 [INFO] Gyroscope: x=0, y=59, z=110
2024-11-05 20:33:56,428 [INFO] Magnetometer: x=-204, y=-43, z=-540
2024-11-05 20:33:56,428 [INFO] --------------------------------------------------
2024-11-05 20:33:56,453 [INFO] GPS Location: Latitude=-35.3560377, Longitude=149.1803787, Altitude=683.97 meters
2024-11-05 20:33:56,454 [INFO] Satellites Visible: 10, Fix Type: 6
2024-11-05 20:33:56,454 [INFO] --------------------------------------------------
2024-11-05 20:33:56,458 [INFO] Accelerometer: x=-62, y=-95, z=-1063
2024-11-05 20:33:56,458 [INFO] Gyroscope: x=0, y=61, z=110
2024-11-05 20:33:56,458 [INFO] Magnetometer: x=-204, y=-43, z=-540
2024-11-05 20:33:56,458 [INFO] --------------------------------------------------
2024-11-05 20:33:56,493 [INFO] Accelerometer: x=-58, y=-101, z=-1067
2024-11-05 20:33:56,493 [INFO] Gyroscope: x=-2, y=57, z=120
2024-11-05 20:33:56,493 [INFO] Magnetometer: x=-202, y=-40, z=-542
2024-11-05 20:33:56,493 [INFO] --------------------------------------------------
2024-11-05 20:33:56,509 [INFO] Accelerometer: x=-57, y=-98, z=-1065
2024-11-05 20:33:56,509 [INFO] Gyroscope: x=-1, y=52, z=119
2024-11-05 20:33:56,509 [INFO] Magnetometer: x=-202, y=-40, z=-542
2024-11-05 20:33:56,509 [INFO] --------------------------------------------------
2024-11-05 20:33:56,533 [INFO] Accelerometer: x=-56, y=-87, z=-1056
2024-11-05 20:33:56,533 [INFO] Gyroscope: x=-2, y=46, z=125
2024-11-05 20:33:56,533 [INFO] Magnetometer: x=-202, y=-40, z=-542
2024-11-05 20:33:56,533 [INFO] --------------------------------------------------
2024-11-05 20:33:56,550 [INFO] Accelerometer: x=-60, y=-90, z=-1049
2024-11-05 20:33:56,550 [INFO] Gyroscope: x=0, y=48, z=123
2024-11-05 20:33:56,550 [INFO] Magnetometer: x=-202, y=-40, z=-542
2024-11-05 20:33:56,550 [INFO] --------------------------------------------------
2024-11-05 20:33:56,591 [INFO] Accelerometer: x=-63, y=-91, z=-1046
2024-11-05 20:33:56,591 [INFO] Gyroscope: x=5, y=48, z=124
2024-11-05 20:33:56,591 [INFO] Magnetometer: x=-199, y=-38, z=-543
2024-11-05 20:33:56,591 [INFO] --------------------------------------------------
2024-11-05 20:33:56,607 [INFO] Accelerometer: x=-56, y=-92, z=-1043
2024-11-05 20:33:56,608 [INFO] Gyroscope: x=6, y=47, z=122
2024-11-05 20:33:56,608 [INFO] Magnetometer: x=-199, y=-38, z=-543
2024-11-05 20:33:56,608 [INFO] --------------------------------------------------
2024-11-05 20:33:56,631 [INFO] Accelerometer: x=-53, y=-94, z=-1044
2024-11-05 20:33:56,631 [INFO] Gyroscope: x=2, y=49, z=119
2024-11-05 20:33:56,631 [INFO] Magnetometer: x=-199, y=-38, z=-543
2024-11-05 20:33:56,631 [INFO] --------------------------------------------------
2024-11-05 20:33:56,649 [INFO] Accelerometer: x=-58, y=-93, z=-1040
2024-11-05 20:33:56,649 [INFO] Gyroscope: x=5, y=48, z=118
2024-11-05 20:33:56,649 [INFO] Magnetometer: x=-199, y=-38, z=-543
2024-11-05 20:33:56,649 [INFO] --------------------------------------------------
2024-11-05 20:33:56,690 [INFO] Accelerometer: x=-54, y=-90, z=-1039
2024-11-05 20:33:56,690 [INFO] Gyroscope: x=18, y=45, z=119
2024-11-05 20:33:56,690 [INFO] Magnetometer: x=-197, y=-35, z=-544
2024-11-05 20:33:56,690 [INFO] --------------------------------------------------
2024-11-05 20:33:56,695 [INFO] GPS Location: Latitude=-35.3560840, Longitude=149.1802923, Altitude=683.96 meters
2024-11-05 20:33:56,695 [INFO] Satellites Visible: 10, Fix Type: 6
2024-11-05 20:33:56,695 [INFO] --------------------------------------------------
2024-11-05 20:33:56,705 [INFO] Accelerometer: x=-62, y=-89, z=-1034
2024-11-05 20:33:56,705 [INFO] Gyroscope: x=21, y=41, z=117
2024-11-05 20:33:56,705 [INFO] Magnetometer: x=-197, y=-35, z=-544
2024-11-05 20:33:56,705 [INFO] --------------------------------------------------
2024-11-05 20:33:56,730 [INFO] Accelerometer: x=-63, y=-87, z=-1026
2024-11-05 20:33:56,730 [INFO] Gyroscope: x=19, y=39, z=121
2024-11-05 20:33:56,730 [INFO] Magnetometer: x=-197, y=-35, z=-544
2024-11-05 20:33:56,730 [INFO] --------------------------------------------------
2024-11-05 20:33:56,755 [INFO] Accelerometer: x=-65, y=-91, z=-1030
2024-11-05 20:33:56,755 [INFO] Gyroscope: x=18, y=36, z=121
2024-11-05 20:33:56,755 [INFO] Magnetometer: x=-197, y=-35, z=-544
2024-11-05 20:33:56,755 [INFO] --------------------------------------------------
2024-11-05 20:33:56,789 [INFO] Accelerometer: x=-60, y=-88, z=-1021
2024-11-05 20:33:56,789 [INFO] Gyroscope: x=12, y=37, z=120
2024-11-05 20:33:56,789 [INFO] Magnetometer: x=-195, y=-34, z=-544
2024-11-05 20:33:56,789 [INFO] --------------------------------------------------
2024-11-05 20:33:56,812 [INFO] Accelerometer: x=-57, y=-84, z=-1026
2024-11-05 20:33:56,812 [INFO] Gyroscope: x=11, y=47, z=122
2024-11-05 20:33:56,812 [INFO] Magnetometer: x=-195, y=-34, z=-544
2024-11-05 20:33:56,812 [INFO] --------------------------------------------------
2024-11-05 20:33:56,829 [INFO] Accelerometer: x=-59, y=-81, z=-1033
2024-11-05 20:33:56,830 [INFO] Gyroscope: x=9, y=55, z=122
2024-11-05 20:33:56,830 [INFO] Magnetometer: x=-195, y=-34, z=-544
2024-11-05 20:33:56,830 [INFO] --------------------------------------------------
2024-11-05 20:33:56,847 [INFO] Accelerometer: x=-61, y=-81, z=-1040
2024-11-05 20:33:56,847 [INFO] Gyroscope: x=8, y=60, z=124
2024-11-05 20:33:56,847 [INFO] Magnetometer: x=-195, y=-34, z=-544
2024-11-05 20:33:56,847 [INFO] --------------------------------------------------
2024-11-05 20:33:56,888 [INFO] Accelerometer: x=-55, y=-92, z=-1058
2024-11-05 20:33:56,888 [INFO] Gyroscope: x=11, y=55, z=119
2024-11-05 20:33:56,888 [INFO] Magnetometer: x=-193, y=-32, z=-545
2024-11-05 20:33:56,888 [INFO] --------------------------------------------------
2024-11-05 20:33:56,911 [INFO] Accelerometer: x=-60, y=-85, z=-1052
2024-11-05 20:33:56,911 [INFO] Gyroscope: x=12, y=52, z=118
2024-11-05 20:33:56,911 [INFO] Magnetometer: x=-193, y=-32, z=-545
2024-11-05 20:33:56,911 [INFO] --------------------------------------------------
2024-11-05 20:33:56,929 [INFO] Accelerometer: x=-60, y=-79, z=-1047
2024-11-05 20:33:56,929 [INFO] Gyroscope: x=12, y=49, z=114
2024-11-05 20:33:56,929 [INFO] Magnetometer: x=-193, y=-32, z=-545
2024-11-05 20:33:56,929 [INFO] --------------------------------------------------
2024-11-05 20:33:56,956 [INFO] GPS Location: Latitude=-35.3561059, Longitude=149.1802479, Altitude=683.96 meters
2024-11-05 20:33:56,956 [INFO] Satellites Visible: 10, Fix Type: 6
2024-11-05 20:33:56,956 [INFO] --------------------------------------------------
2024-11-05 20:33:56,959 [INFO] Accelerometer: x=-60, y=-85, z=-1053
2024-11-05 20:33:56,959 [INFO] Gyroscope: x=7, y=49, z=115
2024-11-05 20:33:56,960 [INFO] Magnetometer: x=-193, y=-32, z=-545
2024-11-05 20:33:56,960 [INFO] --------------------------------------------------
2024-11-05 20:33:56,987 [INFO] Accelerometer: x=-61, y=-89, z=-1042
2024-11-05 20:33:56,987 [INFO] Gyroscope: x=3, y=46, z=107
2024-11-05 20:33:56,987 [INFO] Magnetometer: x=-191, y=-30, z=-546
2024-11-05 20:33:56,987 [INFO] --------------------------------------------------
2024-11-05 20:33:57,010 [INFO] Accelerometer: x=-67, y=-89, z=-1042
2024-11-05 20:33:57,010 [INFO] Gyroscope: x=-4, y=45, z=103
2024-11-05 20:33:57,010 [INFO] Magnetometer: x=-191, y=-30, z=-546
2024-11-05 20:33:57,010 [INFO] --------------------------------------------------
2024-11-05 20:33:57,028 [INFO] Accelerometer: x=-64, y=-96, z=-1045
2024-11-05 20:33:57,028 [INFO] Gyroscope: x=-6, y=46, z=108
2024-11-05 20:33:57,028 [INFO] Magnetometer: x=-191, y=-30, z=-546
2024-11-05 20:33:57,028 [INFO] --------------------------------------------------
2024-11-05 20:33:57,051 [INFO] Accelerometer: x=-60, y=-91, z=-1038
2024-11-05 20:33:57,051 [INFO] Gyroscope: x=-8, y=42, z=111
2024-11-05 20:33:57,051 [INFO] Magnetometer: x=-191, y=-30, z=-546
2024-11-05 20:33:57,051 [INFO] --------------------------------------------------
2024-11-05 20:33:57,092 [INFO] Accelerometer: x=-62, y=-89, z=-1032
2024-11-05 20:33:57,092 [INFO] Gyroscope: x=1, y=42, z=116
2024-11-05 20:33:57,092 [INFO] Magnetometer: x=-189, y=-28, z=-547
2024-11-05 20:33:57,092 [INFO] --------------------------------------------------
2024-11-05 20:33:57,109 [INFO] Accelerometer: x=-63, y=-92, z=-1027
2024-11-05 20:33:57,110 [INFO] Gyroscope: x=3, y=41, z=109
2024-11-05 20:33:57,110 [INFO] Magnetometer: x=-189, y=-28, z=-547
2024-11-05 20:33:57,110 [INFO] --------------------------------------------------
2024-11-05 20:33:57,127 [INFO] Accelerometer: x=-65, y=-92, z=-1025
2024-11-05 20:33:57,127 [INFO] Gyroscope: x=3, y=46, z=105
2024-11-05 20:33:57,127 [INFO] Magnetometer: x=-189, y=-28, z=-547
2024-11-05 20:33:57,127 [INFO] --------------------------------------------------
2024-11-05 20:33:57,150 [INFO] Accelerometer: x=-63, y=-96, z=-1034
2024-11-05 20:33:57,150 [INFO] Gyroscope: x=5, y=52, z=102
2024-11-05 20:33:57,150 [INFO] Magnetometer: x=-189, y=-28, z=-547
2024-11-05 20:33:57,151 [INFO] --------------------------------------------------
2024-11-05 20:33:57,192 [INFO] Accelerometer: x=-63, y=-94, z=-1046
2024-11-05 20:33:57,192 [INFO] Gyroscope: x=2, y=59, z=113
2024-11-05 20:33:57,192 [INFO] Magnetometer: x=-187, y=-26, z=-548
2024-11-05 20:33:57,192 [INFO] --------------------------------------------------
2024-11-05 20:33:57,197 [INFO] GPS Location: Latitude=-35.3561269, Longitude=149.1802030, Altitude=683.96 meters
2024-11-05 20:33:57,197 [INFO] Satellites Visible: 10, Fix Type: 6
2024-11-05 20:33:57,197 [INFO] --------------------------------------------------
2024-11-05 20:33:57,208 [INFO] Accelerometer: x=-56, y=-100, z=-1054
2024-11-05 20:33:57,208 [INFO] Gyroscope: x=7, y=57, z=115
2024-11-05 20:33:57,208 [INFO] Magnetometer: x=-187, y=-26, z=-548
2024-11-05 20:33:57,208 [INFO] --------------------------------------------------
2024-11-05 20:33:57,231 [INFO] Accelerometer: x=-58, y=-102, z=-1059
2024-11-05 20:33:57,232 [INFO] Gyroscope: x=12, y=59, z=117
2024-11-05 20:33:57,232 [INFO] Magnetometer: x=-187, y=-26, z=-548
2024-11-05 20:33:57,232 [INFO] --------------------------------------------------
2024-11-05 20:33:57,251 [INFO] Accelerometer: x=-65, y=-98, z=-1064
2024-11-05 20:33:57,251 [INFO] Gyroscope: x=14, y=59, z=114
2024-11-05 20:33:57,251 [INFO] Magnetometer: x=-187, y=-26, z=-548
2024-11-05 20:33:57,251 [INFO] --------------------------------------------------
2024-11-05 20:33:57,291 [INFO] Accelerometer: x=-59, y=-96, z=-1064
2024-11-05 20:33:57,291 [INFO] Gyroscope: x=22, y=59, z=117
2024-11-05 20:33:57,291 [INFO] Magnetometer: x=-184, y=-24, z=-549
2024-11-05 20:33:57,291 [INFO] --------------------------------------------------
2024-11-05 20:33:57,308 [INFO] Accelerometer: x=-65, y=-92, z=-1061
2024-11-05 20:33:57,308 [INFO] Gyroscope: x=19, y=58, z=120
2024-11-05 20:33:57,308 [INFO] Magnetometer: x=-184, y=-24, z=-549
2024-11-05 20:33:57,308 [INFO] --------------------------------------------------
2024-11-05 20:33:57,327 [INFO] VEHICLE MODE: VehicleMode:CIRCLE
2024-11-05 20:33:57,331 [INFO] Accelerometer: x=-62, y=-97, z=-1072
2024-11-05 20:33:57,331 [INFO] Gyroscope: x=18, y=53, z=123
2024-11-05 20:33:57,331 [INFO] Magnetometer: x=-184, y=-24, z=-549
2024-11-05 20:33:57,331 [INFO] --------------------------------------------------
2024-11-05 20:33:57,348 [INFO] Accelerometer: x=-60, y=-90, z=-1061
2024-11-05 20:33:57,349 [INFO] Gyroscope: x=19, y=54, z=123
2024-11-05 20:33:57,349 [INFO] Magnetometer: x=-184, y=-24, z=-549
2024-11-05 20:33:57,349 [INFO] --------------------------------------------------
2024-11-05 20:33:57,390 [INFO] Accelerometer: x=-61, y=-89, z=-1054
2024-11-05 20:33:57,390 [INFO] Gyroscope: x=18, y=49, z=124
2024-11-05 20:33:57,390 [INFO] Magnetometer: x=-181, y=-23, z=-550
2024-11-05 20:33:57,390 [INFO] --------------------------------------------------
2024-11-05 20:33:57,407 [INFO] Accelerometer: x=-62, y=-87, z=-1047
2024-11-05 20:33:57,407 [INFO] Gyroscope: x=14, y=42, z=121
2024-11-05 20:33:57,407 [INFO] Magnetometer: x=-181, y=-23, z=-550
2024-11-05 20:33:57,407 [INFO] --------------------------------------------------
2024-11-05 20:33:57,430 [INFO] Accelerometer: x=-64, y=-89, z=-1041
2024-11-05 20:33:57,430 [INFO] Gyroscope: x=16, y=42, z=116
2024-11-05 20:33:57,430 [INFO] Magnetometer: x=-181, y=-23, z=-550
2024-11-05 20:33:57,430 [INFO] --------------------------------------------------
2024-11-05 20:33:57,454 [INFO] GPS Location: Latitude=-35.3561468, Longitude=149.1801574, Altitude=683.96 meters
2024-11-05 20:33:57,454 [INFO] Satellites Visible: 10, Fix Type: 6
2024-11-05 20:33:57,455 [INFO] --------------------------------------------------
2024-11-05 20:33:57,457 [INFO] Accelerometer: x=-61, y=-86, z=-1038
2024-11-05 20:33:57,457 [INFO] Gyroscope: x=20, y=42, z=122
2024-11-05 20:33:57,457 [INFO] Magnetometer: x=-181, y=-23, z=-550
2024-11-05 20:33:57,457 [INFO] --------------------------------------------------
2024-11-05 20:33:57,489 [INFO] Accelerometer: x=-54, y=-82, z=-1029
2024-11-05 20:33:57,489 [INFO] Gyroscope: x=18, y=43, z=121
2024-11-05 20:33:57,489 [INFO] Magnetometer: x=-179, y=-22, z=-551
2024-11-05 20:33:57,489 [INFO] --------------------------------------------------
2024-11-05 20:33:57,512 [INFO] Accelerometer: x=-60, y=-85, z=-1033
2024-11-05 20:33:57,512 [INFO] Gyroscope: x=14, y=47, z=122
2024-11-05 20:33:57,512 [INFO] Magnetometer: x=-179, y=-22, z=-551
2024-11-05 20:33:57,512 [INFO] --------------------------------------------------
2024-11-05 20:33:57,529 [INFO] Accelerometer: x=-62, y=-88, z=-1030
2024-11-05 20:33:57,529 [INFO] Gyroscope: x=11, y=42, z=124
2024-11-05 20:33:57,529 [INFO] Magnetometer: x=-179, y=-22, z=-551
2024-11-05 20:33:57,529 [INFO] --------------------------------------------------
2024-11-05 20:33:57,547 [INFO] Accelerometer: x=-60, y=-83, z=-1026
2024-11-05 20:33:57,547 [INFO] Gyroscope: x=6, y=28, z=118
2024-11-05 20:33:57,547 [INFO] Magnetometer: x=-179, y=-22, z=-551
2024-11-05 20:33:57,547 [INFO] --------------------------------------------------
2024-11-05 20:33:57,588 [INFO] Accelerometer: x=-56, y=-76, z=-1008
2024-11-05 20:33:57,588 [INFO] Gyroscope: x=13, y=33, z=116
2024-11-05 20:33:57,588 [INFO] Magnetometer: x=-177, y=-20, z=-551
2024-11-05 20:33:57,588 [INFO] --------------------------------------------------
2024-11-05 20:33:57,611 [INFO] Accelerometer: x=-65, y=-83, z=-1006
2024-11-05 20:33:57,611 [INFO] Gyroscope: x=13, y=33, z=120
2024-11-05 20:33:57,611 [INFO] Magnetometer: x=-177, y=-20, z=-551
2024-11-05 20:33:57,611 [INFO] --------------------------------------------------
2024-11-05 20:33:57,628 [INFO] Accelerometer: x=-65, y=-86, z=-1004
2024-11-05 20:33:57,628 [INFO] Gyroscope: x=15, y=29, z=124
2024-11-05 20:33:57,628 [INFO] Magnetometer: x=-177, y=-20, z=-551
2024-11-05 20:33:57,628 [INFO] --------------------------------------------------
2024-11-05 20:33:57,651 [INFO] Accelerometer: x=-57, y=-88, z=-1002
2024-11-05 20:33:57,652 [INFO] Gyroscope: x=13, y=27, z=127
2024-11-05 20:33:57,652 [INFO] Magnetometer: x=-177, y=-20, z=-551
2024-11-05 20:33:57,652 [INFO] --------------------------------------------------
2024-11-05 20:33:57,687 [INFO] Accelerometer: x=-56, y=-84, z=-993
2024-11-05 20:33:57,687 [INFO] Gyroscope: x=16, y=25, z=117
2024-11-05 20:33:57,687 [INFO] Magnetometer: x=-176, y=-19, z=-552
2024-11-05 20:33:57,687 [INFO] --------------------------------------------------
2024-11-05 20:33:57,695 [INFO] GPS Location: Latitude=-35.3561840, Longitude=149.1800646, Altitude=683.97 meters
2024-11-05 20:33:57,695 [INFO] Satellites Visible: 10, Fix Type: 6
2024-11-05 20:33:57,695 [INFO] --------------------------------------------------
2024-11-05 20:33:57,710 [INFO] Accelerometer: x=-58, y=-82, z=-989
2024-11-05 20:33:57,710 [INFO] Gyroscope: x=19, y=23, z=113
2024-11-05 20:33:57,710 [INFO] Magnetometer: x=-176, y=-19, z=-552
2024-11-05 20:33:57,710 [INFO] --------------------------------------------------
2024-11-05 20:33:57,728 [INFO] Accelerometer: x=-64, y=-87, z=-983
2024-11-05 20:33:57,728 [INFO] Gyroscope: x=14, y=30, z=112
2024-11-05 20:33:57,728 [INFO] Magnetometer: x=-176, y=-19, z=-552
2024-11-05 20:33:57,728 [INFO] --------------------------------------------------
2024-11-05 20:33:57,751 [INFO] Accelerometer: x=-58, y=-83, z=-996
2024-11-05 20:33:57,751 [INFO] Gyroscope: x=9, y=36, z=114
2024-11-05 20:33:57,751 [INFO] Magnetometer: x=-176, y=-19, z=-552
2024-11-05 20:33:57,751 [INFO] --------------------------------------------------
2024-11-05 20:33:57,792 [INFO] Accelerometer: x=-52, y=-84, z=-1006
2024-11-05 20:33:57,792 [INFO] Gyroscope: x=3, y=41, z=115
2024-11-05 20:33:57,792 [INFO] Magnetometer: x=-174, y=-17, z=-552
2024-11-05 20:33:57,792 [INFO] --------------------------------------------------
2024-11-05 20:33:57,809 [INFO] Accelerometer: x=-58, y=-87, z=-1014
2024-11-05 20:33:57,809 [INFO] Gyroscope: x=3, y=43, z=115
2024-11-05 20:33:57,809 [INFO] Magnetometer: x=-174, y=-17, z=-552
2024-11-05 20:33:57,809 [INFO] --------------------------------------------------
2024-11-05 20:33:57,826 [INFO] Accelerometer: x=-59, y=-86, z=-1025
2024-11-05 20:33:57,826 [INFO] Gyroscope: x=2, y=46, z=110
2024-11-05 20:33:57,826 [INFO] Magnetometer: x=-174, y=-17, z=-552
2024-11-05 20:33:57,826 [INFO] --------------------------------------------------
2024-11-05 20:33:57,850 [INFO] Accelerometer: x=-57, y=-91, z=-1028
2024-11-05 20:33:57,850 [INFO] Gyroscope: x=6, y=48, z=115
2024-11-05 20:33:57,850 [INFO] Magnetometer: x=-174, y=-17, z=-552
2024-11-05 20:33:57,850 [INFO] --------------------------------------------------
2024-11-05 20:33:57,891 [INFO] Accelerometer: x=-57, y=-80, z=-1033
2024-11-05 20:33:57,891 [INFO] Gyroscope: x=3, y=47, z=113
2024-11-05 20:33:57,891 [INFO] Magnetometer: x=-172, y=-16, z=-553
2024-11-05 20:33:57,891 [INFO] --------------------------------------------------
2024-11-05 20:33:57,909 [INFO] Accelerometer: x=-57, y=-90, z=-1036
2024-11-05 20:33:57,909 [INFO] Gyroscope: x=2, y=47, z=113
2024-11-05 20:33:57,909 [INFO] Magnetometer: x=-172, y=-16, z=-553
2024-11-05 20:33:57,909 [INFO] --------------------------------------------------
2024-11-05 20:33:57,932 [INFO] Accelerometer: x=-60, y=-95, z=-1039
2024-11-05 20:33:57,932 [INFO] Gyroscope: x=0, y=50, z=111
2024-11-05 20:33:57,932 [INFO] Magnetometer: x=-172, y=-16, z=-553
2024-11-05 20:33:57,932 [INFO] --------------------------------------------------
2024-11-05 20:33:57,954 [INFO] GPS Location: Latitude=-35.3562012, Longitude=149.1800175, Altitude=683.97 meters
2024-11-05 20:33:57,954 [INFO] Satellites Visible: 10, Fix Type: 6
2024-11-05 20:33:57,954 [INFO] --------------------------------------------------
2024-11-05 20:33:57,958 [INFO] Accelerometer: x=-61, y=-97, z=-1045
2024-11-05 20:33:57,958 [INFO] Gyroscope: x=-4, y=51, z=115
2024-11-05 20:33:57,958 [INFO] Magnetometer: x=-172, y=-16, z=-553
2024-11-05 20:33:57,958 [INFO] --------------------------------------------------
2024-11-05 20:33:57,988 [INFO] Accelerometer: x=-62, y=-94, z=-1048
2024-11-05 20:33:57,988 [INFO] Gyroscope: x=-1, y=51, z=114
2024-11-05 20:33:57,988 [INFO] Magnetometer: x=-170, y=-14, z=-554
2024-11-05 20:33:57,988 [INFO] --------------------------------------------------
2024-11-05 20:33:57,995 [INFO] Interrupted by user.
2024-11-05 20:33:57,995 [INFO] Closing vehicle connection
2024-11-05 20:33:58,007 [INFO] Accelerometer: x=-62, y=-97, z=-1043
2024-11-05 20:33:58,007 [INFO] Gyroscope: x=2, y=51, z=115
2024-11-05 20:33:58,007 [INFO] Magnetometer: x=-170, y=-14, z=-554
2024-11-05 20:33:58,007 [INFO] --------------------------------------------------
